<?xml version="1.0" encoding="UTF-8"?>
<!-- Generated by org.testng.reporters.JUnitReportReporter -->
<testsuite hostname="Tahminas-iMac.local" name="com.tracker.test.PracticeUnitTest" tests="1" failures="0" timestamp="12 Jun 2015 16:59:10 GMT" time="0.004" errors="0">
  <testcase name="testAdd" time="0.004" classname="com.tracker.test.PracticeUnitTest"/>
</testsuite> <!-- com.tracker.test.PracticeUnitTest -->
