<?xml version="1.0" encoding="UTF-8"?>
<!-- Generated by org.testng.reporters.JUnitReportReporter -->
<testsuite hostname="Tahminas-iMac.local" name="com.tracker.utility.UtilitiesTest" tests="3" failures="0" timestamp="13 Jun 2015 13:48:12 GMT" time="0.014" errors="0">
  <testcase name="testSearchIMEI" time="0.001" classname="com.tracker.utility.UtilitiesTest"/>
  <testcase name="testSearchCTN" time="0.013" classname="com.tracker.utility.UtilitiesTest"/>
  <testcase name="testSearchCustomerName" time="0.000" classname="com.tracker.utility.UtilitiesTest"/>
</testsuite> <!-- com.tracker.utility.UtilitiesTest -->
