<?xml version="1.0" encoding="UTF-8"?>
<!-- Generated by org.testng.reporters.JUnitReportReporter -->
<testsuite hostname="Tahminas-iMac.local" name="com.tracker.utility.ReadJsonTest" tests="2" failures="0" timestamp="14 Jun 2015 11:12:29 GMT" time="0.016" errors="0">
  <testcase name="testReadNotesJason" time="0.008" classname="com.tracker.utility.ReadJsonTest"/>
  <testcase name="testReadScriptObject" time="0.008" classname="com.tracker.utility.ReadJsonTest"/>
</testsuite> <!-- com.tracker.utility.ReadJsonTest -->
